=== RUN   TestEndToEnd
=== RUN   TestEndToEnd/01_hello.wolf
=== RUN   TestEndToEnd/02_vars.wolf
=== RUN   TestEndToEnd/03_math.wolf
=== RUN   TestEndToEnd/04_strings.wolf
=== RUN   TestEndToEnd/05_stdlib_math.wolf
=== RUN   TestEndToEnd/06_stdlib_strings.wolf
=== RUN   TestEndToEnd/07_stdlib_json.wolf
=== RUN   TestEndToEnd/08_logic.wolf
=== RUN   TestEndToEnd/09_if_else.wolf
=== RUN   TestEndToEnd/10_for.wolf
=== RUN   TestEndToEnd/11_while.wolf
=== RUN   TestEndToEnd/12_foreach.wolf
=== RUN   TestEndToEnd/13_functions.wolf
=== RUN   TestEndToEnd/14_classes.wolf
=== RUN   TestEndToEnd/15_maps.wolf
=== RUN   TestEndToEnd/16_match.wolf
=== RUN   TestEndToEnd/17_arrays.wolf
=== RUN   TestEndToEnd/18_func_returns.wolf
=== RUN   TestEndToEnd/19_nested_loops.wolf
=== RUN   TestEndToEnd/20_struct_like_classes.wolf
=== RUN   TestEndToEnd/21_json_arrays.wolf
panic: test timed out after 10m0s
running tests:
	TestEndToEnd (10m0s)
	TestEndToEnd/21_json_arrays.wolf (4s)

goroutine 273 [running]:
testing.(*M).startAlarm.func1()
	/home/askme/go-local/go/src/testing/testing.go:2366 +0x385
created by time.goFunc
	/home/askme/go-local/go/src/time/sleep.go:177 +0x2d

goroutine 1 [chan receive, 6 minutes]:
testing.(*T).Run(0xc000114000, {0x5b1748?, 0x0?}, 0x5c1598)
	/home/askme/go-local/go/src/testing/testing.go:1750 +0x3ab
testing.runTests.func1(0xc000114000)
	/home/askme/go-local/go/src/testing/testing.go:2161 +0x37
testing.tRunner(0xc000114000, 0xc00009ec70)
	/home/askme/go-local/go/src/testing/testing.go:1689 +0xfb
testing.runTests(0xc00010c000, {0x6e7040, 0x2, 0x2}, {0x1?, 0x4bea6e?, 0x6ef6a0?})
	/home/askme/go-local/go/src/testing/testing.go:2159 +0x445
testing.(*M).Run(0xc0000960a0)
	/home/askme/go-local/go/src/testing/testing.go:2027 +0x68b
main.main()
	_testmain.go:49 +0x16c

goroutine 33 [chan receive]:
testing.(*T).Run(0xc0001141a0, {0xc0001260d8?, 0x6205fd?}, 0xc0002f2960)
	/home/askme/go-local/go/src/testing/testing.go:1750 +0x3ab
github.com/wolflang/wolf/e2e_test.TestEndToEnd(0xc0001141a0)
	/home/askme/Pictures/wolf-lang/e2e/e2e_test.go:27 +0x195
testing.tRunner(0xc0001141a0, 0x5c1598)
	/home/askme/go-local/go/src/testing/testing.go:1689 +0xfb
created by testing.(*T).Run in goroutine 1
	/home/askme/go-local/go/src/testing/testing.go:1742 +0x390

goroutine 240 [IO wait]:
internal/poll.runtime_pollWait(0x7f328ff2be50, 0x72)
	/home/askme/go-local/go/src/runtime/netpoll.go:345 +0x85
internal/poll.(*pollDesc).wait(0xc0002e4840?, 0xc00039be00?, 0x1)
	/home/askme/go-local/go/src/internal/poll/fd_poll_runtime.go:84 +0x27
internal/poll.(*pollDesc).waitRead(...)
	/home/askme/go-local/go/src/internal/poll/fd_poll_runtime.go:89
internal/poll.(*FD).Read(0xc0002e4840, {0xc00039be00, 0x200, 0x200})
	/home/askme/go-local/go/src/internal/poll/fd_unix.go:164 +0x27a
os.(*File).read(...)
	/home/askme/go-local/go/src/os/file_posix.go:29
os.(*File).Read(0xc0000942b8, {0xc00039be00?, 0x0?, 0x0?})
	/home/askme/go-local/go/src/os/file.go:118 +0x52
bytes.(*Buffer).ReadFrom(0xc0000a5980, {0x5f41a0, 0xc0001964c0})
	/home/askme/go-local/go/src/bytes/buffer.go:211 +0x98
io.copyBuffer({0x5f42c0, 0xc0000a5980}, {0x5f41a0, 0xc0001964c0}, {0x0, 0x0, 0x0})
	/home/askme/go-local/go/src/io/io.go:415 +0x151
io.Copy(...)
	/home/askme/go-local/go/src/io/io.go:388
os.genericWriteTo(0xc0000942b8?, {0x5f42c0, 0xc0000a5980})
	/home/askme/go-local/go/src/os/file.go:269 +0x58
os.(*File).WriteTo(0xc0000942b8, {0x5f42c0, 0xc0000a5980})
	/home/askme/go-local/go/src/os/file.go:247 +0x9c
io.copyBuffer({0x5f42c0, 0xc0000a5980}, {0x5f4200, 0xc0000942b8}, {0x0, 0x0, 0x0})
	/home/askme/go-local/go/src/io/io.go:411 +0x9d
io.Copy(...)
	/home/askme/go-local/go/src/io/io.go:388
os/exec.(*Cmd).writerDescriptor.func1()
	/home/askme/go-local/go/src/os/exec/exec.go:580 +0x34
os/exec.(*Cmd).Start.func2(0x0?)
	/home/askme/go-local/go/src/os/exec/exec.go:733 +0x2c
created by os/exec.(*Cmd).Start in goroutine 267
	/home/askme/go-local/go/src/os/exec/exec.go:732 +0x9ab

goroutine 267 [syscall]:
syscall.Syscall6(0xf7, 0x1, 0x642c, 0xc0003bb660, 0x1000004, 0x0, 0x0)
	/home/askme/go-local/go/src/syscall/syscall_linux.go:91 +0x39
os.(*Process).blockUntilWaitable(0xc000180db0)
	/home/askme/go-local/go/src/os/wait_waitid.go:32 +0x76
os.(*Process).wait(0xc000180db0)
	/home/askme/go-local/go/src/os/exec_unix.go:22 +0x25
os.(*Process).Wait(...)
	/home/askme/go-local/go/src/os/exec.go:134
os/exec.(*Cmd).Wait(0xc000184f00)
	/home/askme/go-local/go/src/os/exec/exec.go:906 +0x45
os/exec.(*Cmd).Run(0xc000184f00)
	/home/askme/go-local/go/src/os/exec/exec.go:610 +0x2d
os/exec.(*Cmd).CombinedOutput(0xc000184f00)
	/home/askme/go-local/go/src/os/exec/exec.go:1021 +0x85
github.com/wolflang/wolf/internal/compiler.(*Compiler).Build(0xc0003bbed0, {0xc0001fe000?, 0x109?}, {0xc0000205a0, 0x1c})
	/home/askme/Pictures/wolf-lang/internal/compiler/compiler.go:330 +0x1b2a
github.com/wolflang/wolf/e2e_test.TestEndToEnd.func1(0xc000114820)
	/home/askme/Pictures/wolf-lang/e2e/e2e_test.go:49 +0x44a
testing.tRunner(0xc000114820, 0xc0002f2960)
	/home/askme/go-local/go/src/testing/testing.go:1689 +0xfb
created by testing.(*T).Run in goroutine 33
	/home/askme/go-local/go/src/testing/testing.go:1742 +0x390
FAIL	github.com/wolflang/wolf/e2e	600.104s
FAIL
