=== RUN   TestEndToEnd
=== RUN   TestEndToEnd/01_hello.wolf
=== RUN   TestEndToEnd/02_vars.wolf
=== RUN   TestEndToEnd/03_math.wolf
=== RUN   TestEndToEnd/04_strings.wolf
=== RUN   TestEndToEnd/05_stdlib_math.wolf
=== RUN   TestEndToEnd/06_stdlib_strings.wolf
=== RUN   TestEndToEnd/07_stdlib_json.wolf
    e2e_test.go:72: Output mismatch.
        Expected:
        encoded: {"age":1,"name":"Wolf"}
        Got:
        encoded: {"age":1,"name":[]}
=== RUN   TestEndToEnd/08_logic.wolf
=== RUN   TestEndToEnd/09_if_else.wolf
=== RUN   TestEndToEnd/10_for.wolf
=== RUN   TestEndToEnd/11_while.wolf
=== RUN   TestEndToEnd/12_foreach.wolf
=== RUN   TestEndToEnd/13_functions.wolf
=== RUN   TestEndToEnd/14_classes.wolf
=== RUN   TestEndToEnd/15_maps.wolf
=== RUN   TestEndToEnd/16_match.wolf
=== RUN   TestEndToEnd/17_arrays.wolf
=== RUN   TestEndToEnd/18_func_returns.wolf
=== RUN   TestEndToEnd/19_nested_loops.wolf
=== RUN   TestEndToEnd/20_struct_like_classes.wolf
=== RUN   TestEndToEnd/21_json_arrays.wolf
--- FAIL: TestEndToEnd (89.88s)
    --- PASS: TestEndToEnd/01_hello.wolf (4.52s)
    --- PASS: TestEndToEnd/02_vars.wolf (5.27s)
    --- PASS: TestEndToEnd/03_math.wolf (3.65s)
    --- PASS: TestEndToEnd/04_strings.wolf (3.34s)
    --- PASS: TestEndToEnd/05_stdlib_math.wolf (4.20s)
    --- PASS: TestEndToEnd/06_stdlib_strings.wolf (3.69s)
    --- FAIL: TestEndToEnd/07_stdlib_json.wolf (4.82s)
    --- PASS: TestEndToEnd/08_logic.wolf (4.91s)
    --- PASS: TestEndToEnd/09_if_else.wolf (4.94s)
    --- PASS: TestEndToEnd/10_for.wolf (5.17s)
    --- PASS: TestEndToEnd/11_while.wolf (4.95s)
    --- PASS: TestEndToEnd/12_foreach.wolf (4.91s)
    --- PASS: TestEndToEnd/13_functions.wolf (5.10s)
    --- PASS: TestEndToEnd/14_classes.wolf (3.71s)
    --- PASS: TestEndToEnd/15_maps.wolf (3.36s)
    --- PASS: TestEndToEnd/16_match.wolf (4.26s)
    --- PASS: TestEndToEnd/17_arrays.wolf (3.73s)
    --- PASS: TestEndToEnd/18_func_returns.wolf (4.36s)
    --- PASS: TestEndToEnd/19_nested_loops.wolf (3.66s)
    --- PASS: TestEndToEnd/20_struct_like_classes.wolf (3.74s)
    --- PASS: TestEndToEnd/21_json_arrays.wolf (3.61s)
=== RUN   TestGracefulShutdown
    shutdown_test.go:63: Server failed to start in time
--- FAIL: TestGracefulShutdown (33.83s)
FAIL
FAIL	github.com/wolflang/wolf/e2e	123.720s
FAIL
